<?xml version="1.0" encoding="UTF-8"?>
<!-- Generated by org.testng.reporters.JUnitXMLReporter -->
<testsuite ignored="3" hostname="DESKTOP-ASF005P" failures="0" tests="1" name="Default test" time="61.787" errors="0" timestamp="2023-08-02T20:11:32 IST">
  <testcase classname="Tests.FlowerProduct" name="FlowerAdd1" time="53.844"/>
  <testcase classname="Tests.FlowerProduct" name="FlowerAdd4" time="0.0">
    <ignored/>
  </testcase> <!-- FlowerAdd4 -->
  <testcase classname="Tests.FlowerProduct" name="FlowerAdd3" time="0.0">
    <ignored/>
  </testcase> <!-- FlowerAdd3 -->
  <testcase classname="Tests.FlowerProduct" name="FlowerAdd2" time="0.0">
    <ignored/>
  </testcase> <!-- FlowerAdd2 -->
</testsuite> <!-- Default test -->
