<?xml version="1.0" encoding="UTF-8"?>
<!-- Generated by org.testng.reporters.JUnitXMLReporter -->
<testsuite ignored="3" hostname="DESKTOP-ASF005P" failures="0" tests="1" name="Test" time="0.169" errors="0" timestamp="2023-08-01T14:15:46 IST">
  <testcase classname="Tests.FlowerProduct" name="@BeforeMethod setup" time="0.007">
    <failure type="java.lang.NullPointerException" message="Cannot invoke &amp;quot;dataProvider.ConfigFileReader.getApplicationUrl()&amp;quot; because &amp;quot;this.configFileReader&amp;quot; is null">
      <![CDATA[java.lang.NullPointerException: Cannot invoke "dataProvider.ConfigFileReader.getApplicationUrl()" because "this.configFileReader" is null
at Tests.SearchForProductTest.setup(SearchForProductTest.java:56)
at Tests.FlowerProduct.setup(FlowerProduct.java:35)
at java.base/java.util.ArrayList.forEach(ArrayList.java:1511)
at java.base/java.util.concurrent.FutureTask.run(FutureTask.java:317)
at java.base/java.util.concurrent.ThreadPoolExecutor.runWorker(ThreadPoolExecutor.java:1144)
at java.base/java.util.concurrent.ThreadPoolExecutor$Worker.run(ThreadPoolExecutor.java:642)
at java.base/java.lang.Thread.run(Thread.java:1623)
... Removed 19 stack frames]]>
    </failure>
  </testcase> <!-- @BeforeMethod setup -->
  <testcase classname="Tests.FlowerProduct" name="@AfterMethod close" time="0.0">
    <skipped/>
  </testcase> <!-- @AfterMethod close -->
  <testcase classname="Tests.FlowerProduct" name="FlowerAdd1" time="0.0">
    <skipped/>
  </testcase> <!-- FlowerAdd1 -->
  <testcase classname="Tests.FlowerProduct" name="FlowerAdd2" time="0.0">
    <ignored/>
  </testcase> <!-- FlowerAdd2 -->
  <testcase classname="Tests.FlowerProduct" name="FlowerAdd4" time="0.0">
    <ignored/>
  </testcase> <!-- FlowerAdd4 -->
  <testcase classname="Tests.FlowerProduct" name="FlowerAdd3" time="0.0">
    <ignored/>
  </testcase> <!-- FlowerAdd3 -->
</testsuite> <!-- Test -->
