<?xml version="1.0" encoding="UTF-8"?>
<!-- Generated by org.testng.reporters.JUnitXMLReporter -->
<testsuite ignored="0" hostname="DESKTOP-ASF005P" failures="0" tests="4" name="Test" time="401.417" errors="0" timestamp="2023-08-01T10:11:05 IST">
  <testcase classname="Tests.FlowerProduct" name="FlowerAdd1" time="73.686"/>
  <testcase classname="Tests.FlowerProduct" name="FlowerAdd2" time="75.891"/>
  <testcase classname="Tests.FlowerProduct" name="FlowerAdd3" time="81.266"/>
  <testcase classname="Tests.FlowerProduct" name="FlowerAdd4" time="72.133"/>
</testsuite> <!-- Test -->
