<?xml version="1.0" encoding="UTF-8"?>
<!-- Generated by org.testng.reporters.JUnitXMLReporter -->
<testsuite ignored="0" hostname="DESKTOP-ASF005P" failures="0" tests="4" name="Test" time="243.631" errors="0" timestamp="2023-07-27T13:20:09 IST">
  <testcase classname="Tests.FlowerProduct" name="FlowerAdd1" time="43.202"/>
  <testcase classname="Tests.FlowerProduct" name="FlowerAdd2" time="42.432"/>
  <testcase classname="Tests.FlowerProduct" name="FlowerAdd3" time="45.327"/>
  <testcase classname="Tests.FlowerProduct" name="FlowerAdd4" time="46.655"/>
</testsuite> <!-- Test -->
