<?xml version="1.0" encoding="UTF-8"?>
<!-- Generated by org.testng.reporters.JUnitXMLReporter -->
<testsuite ignored="3" hostname="DESKTOP-ASF005P" failures="0" tests="1" name="Test" time="106.283" errors="0" timestamp="2023-08-03T09:58:00 IST">
  <testcase classname="Tests.FlowerProduct" name="FlowerAdd1" time="56.812"/>
  <testcase classname="Tests.FlowerProduct" name="FlowerAdd3" time="0.0">
    <ignored/>
  </testcase> <!-- FlowerAdd3 -->
  <testcase classname="Tests.FlowerProduct" name="FlowerAdd4" time="0.0">
    <ignored/>
  </testcase> <!-- FlowerAdd4 -->
  <testcase classname="Tests.FlowerProduct" name="FlowerAdd2" time="0.0">
    <ignored/>
  </testcase> <!-- FlowerAdd2 -->
</testsuite> <!-- Test -->
