<?xml version="1.0" encoding="UTF-8"?>
<testng-results ignored="0" total="4" passed="4" failed="0" skipped="0">
  <reporter-output>
  </reporter-output>
  <suite started-at="2023-07-27T16:22:54 IST" name="Test Suite" finished-at="2023-07-27T16:27:06 IST" duration-ms="251727">
    <groups>
    </groups>
    <test started-at="2023-07-27T16:22:54 IST" name="Test" finished-at="2023-07-27T16:27:06 IST" duration-ms="251727">
      <class name="Tests.FlowerProduct">
        <test-method is-config="true" signature="setup()[pri:0, instance:Tests.FlowerProduct@4426bff1]" started-at="2023-07-27T16:22:54 IST" name="setup" finished-at="2023-07-27T16:23:11 IST" duration-ms="17083" status="PASS">
          <reporter-output>
          </reporter-output>
        </test-method> <!-- setup -->
        <test-method signature="FlowerAdd1()[pri:0, instance:Tests.FlowerProduct@4426bff1]" started-at="2023-07-27T16:23:11 IST" name="FlowerAdd1" finished-at="2023-07-27T16:23:56 IST" duration-ms="44646" status="PASS">
          <reporter-output>
          </reporter-output>
        </test-method> <!-- FlowerAdd1 -->
        <test-method is-config="true" signature="close(org.testng.ITestResult)[pri:0, instance:Tests.FlowerProduct@4426bff1]" started-at="2023-07-27T16:23:56 IST" name="close" finished-at="2023-07-27T16:23:56 IST" duration-ms="185" status="PASS">
          <params>
            <param index="0">
              <value>
                <![CDATA[[TestResult name=FlowerAdd1 status=SUCCESS method=FlowerProduct.FlowerAdd1()[pri:0, instance:Tests.FlowerProduct@4426bff1] output={null}]]]>
              </value>
            </param>
          </params>
          <reporter-output>
          </reporter-output>
        </test-method> <!-- close -->
        <test-method is-config="true" signature="setup()[pri:0, instance:Tests.FlowerProduct@4426bff1]" started-at="2023-07-27T16:23:56 IST" name="setup" finished-at="2023-07-27T16:24:11 IST" duration-ms="14997" status="PASS">
          <reporter-output>
          </reporter-output>
        </test-method> <!-- setup -->
        <test-method signature="FlowerAdd2()[pri:0, instance:Tests.FlowerProduct@4426bff1]" started-at="2023-07-27T16:24:11 IST" name="FlowerAdd2" finished-at="2023-07-27T16:24:56 IST" duration-ms="45138" status="PASS">
          <reporter-output>
          </reporter-output>
        </test-method> <!-- FlowerAdd2 -->
        <test-method is-config="true" signature="close(org.testng.ITestResult)[pri:0, instance:Tests.FlowerProduct@4426bff1]" started-at="2023-07-27T16:24:56 IST" name="close" finished-at="2023-07-27T16:24:56 IST" duration-ms="186" status="PASS">
          <params>
            <param index="0">
              <value>
                <![CDATA[[TestResult name=FlowerAdd2 status=SUCCESS method=FlowerProduct.FlowerAdd2()[pri:0, instance:Tests.FlowerProduct@4426bff1] output={null}]]]>
              </value>
            </param>
          </params>
          <reporter-output>
          </reporter-output>
        </test-method> <!-- close -->
        <test-method is-config="true" signature="setup()[pri:0, instance:Tests.FlowerProduct@4426bff1]" started-at="2023-07-27T16:24:56 IST" name="setup" finished-at="2023-07-27T16:25:16 IST" duration-ms="19320" status="PASS">
          <reporter-output>
          </reporter-output>
        </test-method> <!-- setup -->
        <test-method signature="FlowerAdd3()[pri:0, instance:Tests.FlowerProduct@4426bff1]" started-at="2023-07-27T16:25:16 IST" name="FlowerAdd3" finished-at="2023-07-27T16:26:05 IST" duration-ms="49064" status="PASS">
          <reporter-output>
          </reporter-output>
        </test-method> <!-- FlowerAdd3 -->
        <test-method is-config="true" signature="close(org.testng.ITestResult)[pri:0, instance:Tests.FlowerProduct@4426bff1]" started-at="2023-07-27T16:26:05 IST" name="close" finished-at="2023-07-27T16:26:05 IST" duration-ms="138" status="PASS">
          <params>
            <param index="0">
              <value>
                <![CDATA[[TestResult name=FlowerAdd3 status=SUCCESS method=FlowerProduct.FlowerAdd3()[pri:0, instance:Tests.FlowerProduct@4426bff1] output={null}]]]>
              </value>
            </param>
          </params>
          <reporter-output>
          </reporter-output>
        </test-method> <!-- close -->
        <test-method is-config="true" signature="setup()[pri:0, instance:Tests.FlowerProduct@4426bff1]" started-at="2023-07-27T16:26:05 IST" name="setup" finished-at="2023-07-27T16:26:20 IST" duration-ms="14896" status="PASS">
          <reporter-output>
          </reporter-output>
        </test-method> <!-- setup -->
        <test-method signature="FlowerAdd4()[pri:0, instance:Tests.FlowerProduct@4426bff1]" started-at="2023-07-27T16:26:20 IST" name="FlowerAdd4" finished-at="2023-07-27T16:27:06 IST" duration-ms="45846" status="PASS">
          <reporter-output>
          </reporter-output>
        </test-method> <!-- FlowerAdd4 -->
        <test-method is-config="true" signature="close(org.testng.ITestResult)[pri:0, instance:Tests.FlowerProduct@4426bff1]" started-at="2023-07-27T16:27:06 IST" name="close" finished-at="2023-07-27T16:27:06 IST" duration-ms="191" status="PASS">
          <params>
            <param index="0">
              <value>
                <![CDATA[[TestResult name=FlowerAdd4 status=SUCCESS method=FlowerProduct.FlowerAdd4()[pri:0, instance:Tests.FlowerProduct@4426bff1] output={null}]]]>
              </value>
            </param>
          </params>
          <reporter-output>
          </reporter-output>
        </test-method> <!-- close -->
      </class> <!-- Tests.FlowerProduct -->
    </test> <!-- Test -->
  </suite> <!-- Test Suite -->
</testng-results>
