<?xml version="1.0" encoding="UTF-8"?>
<!-- Generated by org.testng.reporters.JUnitXMLReporter -->
<testsuite ignored="0" hostname="DESKTOP-ASF005P" failures="0" tests="4" name="Test" time="251.727" errors="0" timestamp="2023-07-27T16:27:06 IST">
  <testcase classname="Tests.FlowerProduct" name="FlowerAdd1" time="44.646"/>
  <testcase classname="Tests.FlowerProduct" name="FlowerAdd2" time="45.138"/>
  <testcase classname="Tests.FlowerProduct" name="FlowerAdd3" time="49.064"/>
  <testcase classname="Tests.FlowerProduct" name="FlowerAdd4" time="45.846"/>
</testsuite> <!-- Test -->
