<?xml version="1.0" encoding="UTF-8"?>
<testng-results ignored="0" total="4" passed="4" failed="0" skipped="0">
  <reporter-output>
  </reporter-output>
  <suite started-at="2023-07-27T15:33:31 IST" name="Test Suite" finished-at="2023-07-27T15:37:56 IST" duration-ms="264746">
    <groups>
    </groups>
    <test started-at="2023-07-27T15:33:31 IST" name="Test" finished-at="2023-07-27T15:37:56 IST" duration-ms="264746">
      <class name="Tests.FlowerProduct">
        <test-method is-config="true" signature="setup()[pri:0, instance:Tests.FlowerProduct@17aad511]" started-at="2023-07-27T15:33:31 IST" name="setup" finished-at="2023-07-27T15:33:49 IST" duration-ms="17715" status="PASS">
          <reporter-output>
          </reporter-output>
        </test-method> <!-- setup -->
        <test-method signature="FlowerAdd1()[pri:0, instance:Tests.FlowerProduct@17aad511]" started-at="2023-07-27T15:33:49 IST" name="FlowerAdd1" finished-at="2023-07-27T15:34:39 IST" duration-ms="49673" status="PASS">
          <reporter-output>
          </reporter-output>
        </test-method> <!-- FlowerAdd1 -->
        <test-method is-config="true" signature="close(org.testng.ITestResult)[pri:0, instance:Tests.FlowerProduct@17aad511]" started-at="2023-07-27T15:34:39 IST" name="close" finished-at="2023-07-27T15:34:39 IST" duration-ms="133" status="PASS">
          <params>
            <param index="0">
              <value>
                <![CDATA[[TestResult name=FlowerAdd1 status=SUCCESS method=FlowerProduct.FlowerAdd1()[pri:0, instance:Tests.FlowerProduct@17aad511] output={null}]]]>
              </value>
            </param>
          </params>
          <reporter-output>
          </reporter-output>
        </test-method> <!-- close -->
        <test-method is-config="true" signature="setup()[pri:0, instance:Tests.FlowerProduct@17aad511]" started-at="2023-07-27T15:34:39 IST" name="setup" finished-at="2023-07-27T15:34:54 IST" duration-ms="15456" status="PASS">
          <reporter-output>
          </reporter-output>
        </test-method> <!-- setup -->
        <test-method signature="FlowerAdd2()[pri:0, instance:Tests.FlowerProduct@17aad511]" started-at="2023-07-27T15:34:54 IST" name="FlowerAdd2" finished-at="2023-07-27T15:35:43 IST" duration-ms="48578" status="PASS">
          <reporter-output>
          </reporter-output>
        </test-method> <!-- FlowerAdd2 -->
        <test-method is-config="true" signature="close(org.testng.ITestResult)[pri:0, instance:Tests.FlowerProduct@17aad511]" started-at="2023-07-27T15:35:43 IST" name="close" finished-at="2023-07-27T15:35:43 IST" duration-ms="188" status="PASS">
          <params>
            <param index="0">
              <value>
                <![CDATA[[TestResult name=FlowerAdd2 status=SUCCESS method=FlowerProduct.FlowerAdd2()[pri:0, instance:Tests.FlowerProduct@17aad511] output={null}]]]>
              </value>
            </param>
          </params>
          <reporter-output>
          </reporter-output>
        </test-method> <!-- close -->
        <test-method is-config="true" signature="setup()[pri:0, instance:Tests.FlowerProduct@17aad511]" started-at="2023-07-27T15:35:43 IST" name="setup" finished-at="2023-07-27T15:36:00 IST" duration-ms="16763" status="PASS">
          <reporter-output>
          </reporter-output>
        </test-method> <!-- setup -->
        <test-method signature="FlowerAdd3()[pri:0, instance:Tests.FlowerProduct@17aad511]" started-at="2023-07-27T15:36:00 IST" name="FlowerAdd3" finished-at="2023-07-27T15:36:47 IST" duration-ms="47103" status="PASS">
          <reporter-output>
          </reporter-output>
        </test-method> <!-- FlowerAdd3 -->
        <test-method is-config="true" signature="close(org.testng.ITestResult)[pri:0, instance:Tests.FlowerProduct@17aad511]" started-at="2023-07-27T15:36:47 IST" name="close" finished-at="2023-07-27T15:36:47 IST" duration-ms="177" status="PASS">
          <params>
            <param index="0">
              <value>
                <![CDATA[[TestResult name=FlowerAdd3 status=SUCCESS method=FlowerProduct.FlowerAdd3()[pri:0, instance:Tests.FlowerProduct@17aad511] output={null}]]]>
              </value>
            </param>
          </params>
          <reporter-output>
          </reporter-output>
        </test-method> <!-- close -->
        <test-method is-config="true" signature="setup()[pri:0, instance:Tests.FlowerProduct@17aad511]" started-at="2023-07-27T15:36:47 IST" name="setup" finished-at="2023-07-27T15:37:02 IST" duration-ms="15535" status="PASS">
          <reporter-output>
          </reporter-output>
        </test-method> <!-- setup -->
        <test-method signature="FlowerAdd4()[pri:0, instance:Tests.FlowerProduct@17aad511]" started-at="2023-07-27T15:37:02 IST" name="FlowerAdd4" finished-at="2023-07-27T15:37:56 IST" duration-ms="53204" status="PASS">
          <reporter-output>
          </reporter-output>
        </test-method> <!-- FlowerAdd4 -->
        <test-method is-config="true" signature="close(org.testng.ITestResult)[pri:0, instance:Tests.FlowerProduct@17aad511]" started-at="2023-07-27T15:37:56 IST" name="close" finished-at="2023-07-27T15:37:56 IST" duration-ms="181" status="PASS">
          <params>
            <param index="0">
              <value>
                <![CDATA[[TestResult name=FlowerAdd4 status=SUCCESS method=FlowerProduct.FlowerAdd4()[pri:0, instance:Tests.FlowerProduct@17aad511] output={null}]]]>
              </value>
            </param>
          </params>
          <reporter-output>
          </reporter-output>
        </test-method> <!-- close -->
      </class> <!-- Tests.FlowerProduct -->
    </test> <!-- Test -->
  </suite> <!-- Test Suite -->
</testng-results>
