<?xml version="1.0" encoding="UTF-8"?>
<testng-results ignored="0" total="4" passed="4" failed="0" skipped="0">
  <reporter-output>
  </reporter-output>
  <suite started-at="2023-08-01T10:04:24 IST" name="Test Suite" finished-at="2023-08-01T10:11:05 IST" duration-ms="401417">
    <groups>
    </groups>
    <test started-at="2023-08-01T10:04:24 IST" name="Test" finished-at="2023-08-01T10:11:05 IST" duration-ms="401417">
      <class name="Tests.FlowerProduct">
        <test-method is-config="true" signature="setup()[pri:0, instance:Tests.FlowerProduct@17aad511]" started-at="2023-08-01T10:04:24 IST" name="setup" finished-at="2023-08-01T10:05:24 IST" duration-ms="59995" status="PASS">
          <reporter-output>
          </reporter-output>
        </test-method> <!-- setup -->
        <test-method signature="FlowerAdd1()[pri:0, instance:Tests.FlowerProduct@17aad511]" started-at="2023-08-01T10:05:24 IST" name="FlowerAdd1" finished-at="2023-08-01T10:06:37 IST" duration-ms="73686" status="PASS">
          <reporter-output>
          </reporter-output>
        </test-method> <!-- FlowerAdd1 -->
        <test-method is-config="true" signature="close(org.testng.ITestResult)[pri:0, instance:Tests.FlowerProduct@17aad511]" started-at="2023-08-01T10:06:37 IST" name="close" finished-at="2023-08-01T10:06:38 IST" duration-ms="272" status="PASS">
          <params>
            <param index="0">
              <value>
                <![CDATA[[TestResult name=FlowerAdd1 status=SUCCESS method=FlowerProduct.FlowerAdd1()[pri:0, instance:Tests.FlowerProduct@17aad511] output={null}]]]>
              </value>
            </param>
          </params>
          <reporter-output>
          </reporter-output>
        </test-method> <!-- close -->
        <test-method is-config="true" signature="setup()[pri:0, instance:Tests.FlowerProduct@17aad511]" started-at="2023-08-01T10:06:38 IST" name="setup" finished-at="2023-08-01T10:06:49 IST" duration-ms="10856" status="PASS">
          <reporter-output>
          </reporter-output>
        </test-method> <!-- setup -->
        <test-method signature="FlowerAdd2()[pri:0, instance:Tests.FlowerProduct@17aad511]" started-at="2023-08-01T10:06:49 IST" name="FlowerAdd2" finished-at="2023-08-01T10:08:04 IST" duration-ms="75891" status="PASS">
          <reporter-output>
          </reporter-output>
        </test-method> <!-- FlowerAdd2 -->
        <test-method is-config="true" signature="close(org.testng.ITestResult)[pri:0, instance:Tests.FlowerProduct@17aad511]" started-at="2023-08-01T10:08:04 IST" name="close" finished-at="2023-08-01T10:08:05 IST" duration-ms="247" status="PASS">
          <params>
            <param index="0">
              <value>
                <![CDATA[[TestResult name=FlowerAdd2 status=SUCCESS method=FlowerProduct.FlowerAdd2()[pri:0, instance:Tests.FlowerProduct@17aad511] output={null}]]]>
              </value>
            </param>
          </params>
          <reporter-output>
          </reporter-output>
        </test-method> <!-- close -->
        <test-method is-config="true" signature="setup()[pri:0, instance:Tests.FlowerProduct@17aad511]" started-at="2023-08-01T10:08:05 IST" name="setup" finished-at="2023-08-01T10:08:19 IST" duration-ms="14741" status="PASS">
          <reporter-output>
          </reporter-output>
        </test-method> <!-- setup -->
        <test-method signature="FlowerAdd3()[pri:0, instance:Tests.FlowerProduct@17aad511]" started-at="2023-08-01T10:08:19 IST" name="FlowerAdd3" finished-at="2023-08-01T10:09:41 IST" duration-ms="81266" status="PASS">
          <reporter-output>
          </reporter-output>
        </test-method> <!-- FlowerAdd3 -->
        <test-method is-config="true" signature="close(org.testng.ITestResult)[pri:0, instance:Tests.FlowerProduct@17aad511]" started-at="2023-08-01T10:09:41 IST" name="close" finished-at="2023-08-01T10:09:41 IST" duration-ms="266" status="PASS">
          <params>
            <param index="0">
              <value>
                <![CDATA[[TestResult name=FlowerAdd3 status=SUCCESS method=FlowerProduct.FlowerAdd3()[pri:0, instance:Tests.FlowerProduct@17aad511] output={null}]]]>
              </value>
            </param>
          </params>
          <reporter-output>
          </reporter-output>
        </test-method> <!-- close -->
        <test-method is-config="true" signature="setup()[pri:0, instance:Tests.FlowerProduct@17aad511]" started-at="2023-08-01T10:09:41 IST" name="setup" finished-at="2023-08-01T10:09:53 IST" duration-ms="11613" status="PASS">
          <reporter-output>
          </reporter-output>
        </test-method> <!-- setup -->
        <test-method signature="FlowerAdd4()[pri:0, instance:Tests.FlowerProduct@17aad511]" started-at="2023-08-01T10:09:53 IST" name="FlowerAdd4" finished-at="2023-08-01T10:11:05 IST" duration-ms="72133" status="PASS">
          <reporter-output>
          </reporter-output>
        </test-method> <!-- FlowerAdd4 -->
        <test-method is-config="true" signature="close(org.testng.ITestResult)[pri:0, instance:Tests.FlowerProduct@17aad511]" started-at="2023-08-01T10:11:05 IST" name="close" finished-at="2023-08-01T10:11:05 IST" duration-ms="276" status="PASS">
          <params>
            <param index="0">
              <value>
                <![CDATA[[TestResult name=FlowerAdd4 status=SUCCESS method=FlowerProduct.FlowerAdd4()[pri:0, instance:Tests.FlowerProduct@17aad511] output={null}]]]>
              </value>
            </param>
          </params>
          <reporter-output>
          </reporter-output>
        </test-method> <!-- close -->
      </class> <!-- Tests.FlowerProduct -->
    </test> <!-- Test -->
  </suite> <!-- Test Suite -->
</testng-results>
